

 ***************************************************
 Starting ec pathways processing...
 Sat Dec  5 20:18:54 2020 
 ***************************************************

Processing ec00010.xml ...
Processing ec00020.xml ...
Processing ec00030.xml ...
Processing ec00040.xml ...
Processing ec00051.xml ...
Processing ec00052.xml ...
Processing ec00053.xml ...
Processing ec00061.xml ...
Processing ec00062.xml ...
Processing ec00071.xml ...
Processing ec00072.xml ...
Processing ec00073.xml ...
Processing ec00100.xml ...
Processing ec00120.xml ...
Processing ec00121.xml ...
	Error processing ec00121.xml file.
Processing ec00130.xml ...
Processing ec00140.xml ...
Processing ec00190.xml ...
	Error processing ec00190.xml file.
Processing ec00195.xml ...
	Error processing ec00195.xml file.
Processing ec00220.xml ...
Processing ec00230.xml ...
Processing ec00231.xml ...
	Error processing ec00231.xml file.
Processing ec00232.xml ...
Processing ec00240.xml ...
Processing ec00250.xml ...
Processing ec00253.xml ...
Processing ec00254.xml ...
Processing ec00260.xml ...
Processing ec00261.xml ...
Processing ec00270.xml ...
Processing ec00280.xml ...
Processing ec00281.xml ...
Processing ec00290.xml ...
Processing ec00300.xml ...
Processing ec00310.xml ...
Processing ec00311.xml ...
Processing ec00330.xml ...
Processing ec00331.xml ...
Processing ec00332.xml ...
Processing ec00333.xml ...
Processing ec00340.xml ...
Processing ec00350.xml ...
Processing ec00360.xml ...
Processing ec00361.xml ...
Processing ec00362.xml ...
Processing ec00363.xml ...
Processing ec00364.xml ...
Processing ec00365.xml ...
Processing ec00380.xml ...
Processing ec00400.xml ...
Processing ec00401.xml ...
Processing ec00402.xml ...
Processing ec00404.xml ...
Processing ec00405.xml ...
Processing ec00410.xml ...
Processing ec00430.xml ...
Processing ec00440.xml ...
Processing ec00450.xml ...
Processing ec00460.xml ...
Processing ec00471.xml ...
Processing ec00472.xml ...
Processing ec00473.xml ...
Processing ec00480.xml ...
Processing ec00500.xml ...
Processing ec00510.xml ...
	Error processing ec00510.xml file.
Processing ec00511.xml ...
	Error processing ec00511.xml file.
Processing ec00512.xml ...
	Error processing ec00512.xml file.
Processing ec00513.xml ...
	Error processing ec00513.xml file.
Processing ec00514.xml ...
	Error processing ec00514.xml file.
Processing ec00515.xml ...
	Error processing ec00515.xml file.
Processing ec00520.xml ...
Processing ec00521.xml ...
Processing ec00522.xml ...
	Error processing ec00522.xml file.
Processing ec00523.xml ...
Processing ec00524.xml ...
Processing ec00525.xml ...
Processing ec00531.xml ...
	Error processing ec00531.xml file.
Processing ec00532.xml ...
	Error processing ec00532.xml file.
Processing ec00533.xml ...
	Error processing ec00533.xml file.
Processing ec00534.xml ...
	Error processing ec00534.xml file.
Processing ec00540.xml ...
	Error processing ec00540.xml file.
Processing ec00550.xml ...
Processing ec00561.xml ...
Processing ec00562.xml ...
Processing ec00563.xml ...
	Error processing ec00563.xml file.
Processing ec00564.xml ...
Processing ec00565.xml ...
Processing ec00571.xml ...
	Error processing ec00571.xml file.
Processing ec00572.xml ...
	Error processing ec00572.xml file.
Processing ec00590.xml ...
Processing ec00591.xml ...
Processing ec00592.xml ...
Processing ec00600.xml ...
Processing ec00601.xml ...
	Error processing ec00601.xml file.
Processing ec00603.xml ...
	Error processing ec00603.xml file.
Processing ec00604.xml ...
	Error processing ec00604.xml file.
Processing ec00620.xml ...
Processing ec00621.xml ...
Processing ec00622.xml ...
Processing ec00623.xml ...
Processing ec00624.xml ...
Processing ec00625.xml ...
Processing ec00626.xml ...
Processing ec00627.xml ...
Processing ec00630.xml ...
Processing ec00633.xml ...
Processing ec00640.xml ...
Processing ec00642.xml ...
Processing ec00643.xml ...
Processing ec00650.xml ...
Processing ec00660.xml ...
Processing ec00670.xml ...
Processing ec00680.xml ...
	Error processing ec00680.xml file.
Processing ec00710.xml ...
Processing ec00720.xml ...
Processing ec00730.xml ...
Processing ec00740.xml ...
Processing ec00750.xml ...
Processing ec00760.xml ...
Processing ec00770.xml ...
Processing ec00780.xml ...
Processing ec00785.xml ...
Processing ec00790.xml ...
Processing ec00791.xml ...
Processing ec00830.xml ...
Processing ec00860.xml ...
Processing ec00900.xml ...
Processing ec00901.xml ...
Processing ec00902.xml ...
Processing ec00903.xml ...
Processing ec00904.xml ...
Processing ec00905.xml ...
Processing ec00906.xml ...
Processing ec00908.xml ...
Processing ec00909.xml ...
Processing ec00910.xml ...
Processing ec00920.xml ...
Processing ec00930.xml ...
Processing ec00940.xml ...
Processing ec00941.xml ...
Processing ec00942.xml ...
Processing ec00943.xml ...
Processing ec00944.xml ...
Processing ec00945.xml ...
Processing ec00950.xml ...
Processing ec00960.xml ...
Processing ec00965.xml ...
Processing ec00966.xml ...
	Error processing ec00966.xml file.
Processing ec00970.xml ...
Processing ec00980.xml ...
Processing ec00981.xml ...
Processing ec00982.xml ...
Processing ec00983.xml ...
Processing ec00984.xml ...
Processing ec00998.xml ...
Processing ec00999.xml ...
Processing ec01040.xml ...
	Error processing ec01040.xml file.
Processing ec01051.xml ...
	Error processing ec01051.xml file.
Processing ec01053.xml ...
Processing ec01055.xml ...
Processing ec01056.xml ...
	Error processing ec01056.xml file.
Processing ec01057.xml ...
Processing ec01058.xml ...
Processing ec01059.xml ...
Processing ec01100.xml ...
	Error processing ec01100.xml file.
Processing ec01110.xml ...
	Error processing ec01110.xml file.
Processing ec01120.xml ...
	Error processing ec01120.xml file.
Processing ec01130.xml ...
	Error processing ec01130.xml file.
1 : Error in  rn:R01196 42 2 2 .Correcting...
2 : Error in  rn:R01196 52 2 2 .Correcting...
3 : Error in  rn:R02164 66 2 2 .Correcting...
4 : Error in  rn:R01325 69 2 2 .Correcting...
5 : Error in  rn:R00351 70 4 3 .Correcting...
6 : Error in  rn:R01197 75 2 2 .Correcting...
7 : Error in  rn:R04737 428 2 2 .Correcting...
8 : Error in  rn:R04739 432 2 2 .Correcting...
9 : Error in  rn:R04741 436 2 2 .Correcting...
10 : Error in  rn:R04743 440 2 2 .Correcting...
11 : Error in  rn:R04745 443 2 2 .Correcting...
12 : Error in  rn:R04748 446 2 2 .Correcting...
13 : Error in  rn:R03026 461 2 2 .Correcting...
14 : Error in  rn:R01923 488 2 2 .Correcting...
15 : Error in  rn:R02350 781 2 2 .Correcting...
16 : Error in  rn:R00258 1125 2 2 .Correcting...
17 : Error in  rn:R06977 1185 2 2 .Correcting...
18 : Error in  rn:R01513 1196 2 2 .Correcting...
19 : Error in  rn:R06171 1201 2 2 .Correcting...
20 : Error in  rn:R00238 1463 2 2 .Correcting...
21 : Error in  rn:R09830 1738 2 2 .Correcting...
22 : Error in  rn:R00750 1743 3 3 .Correcting...
23 : Error in  rn:R00694 1762 2 2 .Correcting...
24 : Error in  rn:R00692 1792 2 2 .Correcting...
25 : Error in  rn:R00008 1866 2 2 .Correcting...
26 : Error in  rn:R03045 2111 2 2 .Correcting...
27 : Error in  rn:R01036 2611 2 2 .Correcting...
28 : Error in  rn:R01041 2612 2 2 .Correcting...
29 : Error in  rn:R01015 2671 2 2 .Correcting...
30 : Error in  rn:R02260 2903 2 2 .Correcting...
31 : Error in  rn:R05076 3194 2 2 .Correcting...
32 : Error in  rn:R00934 3195 3 3 .Correcting...
33 : Error in  rn:R00936 3340 2 2 .Correcting...
34 : Error in  rn:R00939 3341 2 2 .Correcting...
35 : Error in  rn:R02235 3342 2 2 .Correcting...
36 : Error in  rn:R02236 3343 2 2 .Correcting...
37 : Error in  rn:R01945 4388 2 2 .Correcting...
38 : Error in  rn:R03592 4661 2 2 .Correcting...
